2017-11-15 21:49:21.364  INFO 79444 --- [main] net.sppan.SPPanBlogApplicationTests      : Starting SPPanBlogApplicationTests on DESKTOP-G8RT0SV with PID 79444 (started by ss in D:\IDEA\projects\alinainai)
2017-11-15 21:49:21.364 DEBUG 79444 --- [main] net.sppan.SPPanBlogApplicationTests      : Running with Spring Boot v1.5.2.RELEASE, Spring v4.3.7.RELEASE
2017-11-15 21:49:21.364  INFO 79444 --- [main] net.sppan.SPPanBlogApplicationTests      : No active profile set, falling back to default profiles: default
2017-11-15 21:49:21.458  INFO 79444 --- [main] o.s.w.c.s.GenericWebApplicationContext   : Refreshing org.springframework.web.context.support.GenericWebApplicationContext@4c2bb6e0: startup date [Wed Nov 15 21:49:21 CST 2017]; root of context hierarchy
2017-11-15 21:49:24.278  INFO 79444 --- [main] trationDelegate$BeanPostProcessorChecker : Bean 'org.springframework.transaction.annotation.ProxyTransactionManagementConfiguration' of type [org.springframework.transaction.annotation.ProxyTransactionManagementConfiguration$$EnhancerBySpringCGLIB$$139cd679] is not eligible for getting processed by all BeanPostProcessors (for example: not eligible for auto-proxying)
2017-11-15 21:49:24.340  INFO 79444 --- [main] trationDelegate$BeanPostProcessorChecker : Bean 'org.springframework.cache.annotation.ProxyCachingConfiguration' of type [org.springframework.cache.annotation.ProxyCachingConfiguration$$EnhancerBySpringCGLIB$$5caf0c97] is not eligible for getting processed by all BeanPostProcessors (for example: not eligible for auto-proxying)
2017-11-15 21:49:25.622  INFO 79444 --- [main] j.LocalContainerEntityManagerFactoryBean : Building JPA container EntityManagerFactory for persistence unit 'default'
2017-11-15 21:49:25.653  INFO 79444 --- [main] o.hibernate.jpa.internal.util.LogHelper  : HHH000204: Processing PersistenceUnitInfo [
	name: default
	...]
2017-11-15 21:49:25.747  INFO 79444 --- [main] org.hibernate.Version                    : HHH000412: Hibernate Core {5.0.12.Final}
2017-11-15 21:49:25.747  INFO 79444 --- [main] org.hibernate.cfg.Environment            : HHH000206: hibernate.properties not found
2017-11-15 21:49:25.747  INFO 79444 --- [main] org.hibernate.cfg.Environment            : HHH000021: Bytecode provider name : javassist
2017-11-15 21:49:25.825  INFO 79444 --- [main] o.hibernate.annotations.common.Version   : HCANN000001: Hibernate Commons Annotations {5.0.1.Final}
2017-11-15 21:49:25.965  INFO 79444 --- [main] org.hibernate.dialect.Dialect            : HHH000400: Using dialect: org.hibernate.dialect.MySQL5InnoDBDialect
2017-11-15 21:49:26.919  INFO 79444 --- [main] org.hibernate.tuple.PojoInstantiator     : HHH000182: No default (no-argument) constructor for class: com.ali.nainai.entity.LoginLog (class must be instantiated by Interceptor)
2017-11-15 21:49:27.090  INFO 79444 --- [main] org.hibernate.tool.hbm2ddl.SchemaUpdate  : HHH000228: Running hbm2ddl schema update
2017-11-15 21:49:28.278  INFO 79444 --- [main] j.LocalContainerEntityManagerFactoryBean : Initialized JPA EntityManagerFactory for persistence unit 'default'
2017-11-15 21:49:28.341  INFO 79444 --- [main] o.s.c.ehcache.EhCacheManagerFactoryBean  : Initializing EhCache CacheManager
2017-11-15 21:49:28.387  WARN 79444 --- [main] n.sf.ehcache.config.CacheConfiguration   : Statistics can no longer be enabled via configuration.
2017-11-15 21:49:30.107  INFO 79444 --- [main] o.s.w.s.v.f.FreeMarkerConfigurer         : ClassTemplateLoader for Spring macros added to FreeMarker configuration
2017-11-15 21:49:30.310  INFO 79444 --- [main] o.h.h.i.QueryTranslatorFactoryInitiator  : HHH000397: Using ASTQueryTranslatorFactory
2017-11-15 21:49:36.950  INFO 79444 --- [main] s.w.s.m.m.a.RequestMappingHandlerAdapter : Looking for @ControllerAdvice: org.springframework.web.context.support.GenericWebApplicationContext@4c2bb6e0: startup date [Wed Nov 15 21:49:21 CST 2017]; root of context hierarchy
2017-11-15 21:49:37.075  INFO 79444 --- [main] s.w.s.m.m.a.RequestMappingHandlerMapping : Mapped "{[/admin/about/index],methods=[GET]}" onto public java.lang.String com.ali.nainai.controller.admin.AdminAboutController.index()
2017-11-15 21:49:37.075  INFO 79444 --- [main] s.w.s.m.m.a.RequestMappingHandlerMapping : Mapped "{[/admin/about/save],methods=[POST]}" onto public com.ali.nainai.common.JsonResult com.ali.nainai.controller.admin.AdminAboutController.save(java.lang.String)
2017-11-15 21:49:37.075  INFO 79444 --- [main] s.w.s.m.m.a.RequestMappingHandlerMapping : Mapped "{[/admin/blog/index],methods=[GET]}" onto public java.lang.String com.ali.nainai.controller.admin.AdminBlogController.index()
2017-11-15 21:49:37.075  INFO 79444 --- [main] s.w.s.m.m.a.RequestMappingHandlerMapping : Mapped "{[/admin/blog/form],methods=[GET]}" onto public java.lang.String com.ali.nainai.controller.admin.AdminBlogController.form(java.lang.Long,org.springframework.ui.ModelMap)
2017-11-15 21:49:37.075  INFO 79444 --- [main] s.w.s.m.m.a.RequestMappingHandlerMapping : Mapped "{[/admin/blog/{id}/del],methods=[POST]}" onto public com.ali.nainai.common.JsonResult com.ali.nainai.controller.admin.AdminBlogController.delete(java.lang.Long)
2017-11-15 21:49:37.075  INFO 79444 --- [main] s.w.s.m.m.a.RequestMappingHandlerMapping : Mapped "{[/admin/blog/list],methods=[POST]}" onto public org.springframework.data.domain.Page<com.ali.nainai.entity.Blog> com.ali.nainai.controller.admin.AdminBlogController.list()
2017-11-15 21:49:37.075  INFO 79444 --- [main] s.w.s.m.m.a.RequestMappingHandlerMapping : Mapped "{[/admin/blog/save],methods=[POST]}" onto public com.ali.nainai.common.JsonResult com.ali.nainai.controller.admin.AdminBlogController.save(com.ali.nainai.entity.Blog)
2017-11-15 21:49:37.075  INFO 79444 --- [main] s.w.s.m.m.a.RequestMappingHandlerMapping : Mapped "{[/admin/blog/{id}/change],methods=[POST]}" onto public com.ali.nainai.common.JsonResult com.ali.nainai.controller.admin.AdminBlogController.change(java.lang.Long,java.lang.String)
2017-11-15 21:49:37.075  INFO 79444 --- [main] s.w.s.m.m.a.RequestMappingHandlerMapping : Mapped "{[/admin/category/index],methods=[GET]}" onto public java.lang.String com.ali.nainai.controller.admin.AdminCategoryController.index()
2017-11-15 21:49:37.075  INFO 79444 --- [main] s.w.s.m.m.a.RequestMappingHandlerMapping : Mapped "{[/admin/category/form],methods=[GET]}" onto public java.lang.String com.ali.nainai.controller.admin.AdminCategoryController.form(java.lang.Long,org.springframework.ui.ModelMap)
2017-11-15 21:49:37.075  INFO 79444 --- [main] s.w.s.m.m.a.RequestMappingHandlerMapping : Mapped "{[/admin/category/{id}/del],methods=[POST]}" onto public com.ali.nainai.common.JsonResult com.ali.nainai.controller.admin.AdminCategoryController.delete(java.lang.Long)
2017-11-15 21:49:37.075  INFO 79444 --- [main] s.w.s.m.m.a.RequestMappingHandlerMapping : Mapped "{[/admin/category/list],methods=[POST]}" onto public org.springframework.data.domain.Page<com.ali.nainai.entity.Category> com.ali.nainai.controller.admin.AdminCategoryController.list()
2017-11-15 21:49:37.075  INFO 79444 --- [main] s.w.s.m.m.a.RequestMappingHandlerMapping : Mapped "{[/admin/category/save],methods=[POST]}" onto public com.ali.nainai.common.JsonResult com.ali.nainai.controller.admin.AdminCategoryController.save(com.ali.nainai.entity.Category)
2017-11-15 21:49:37.075  INFO 79444 --- [main] s.w.s.m.m.a.RequestMappingHandlerMapping : Mapped "{[/admin/category/{id}/changeStatus],methods=[POST]}" onto public com.ali.nainai.common.JsonResult com.ali.nainai.controller.admin.AdminCategoryController.changeStatus(java.lang.Long)
2017-11-15 21:49:37.075  INFO 79444 --- [main] s.w.s.m.m.a.RequestMappingHandlerMapping : Mapped "{[/admin],methods=[GET]}" onto public java.lang.String com.ali.nainai.controller.admin.AdminIndexController.index()
2017-11-15 21:49:37.091  INFO 79444 --- [main] s.w.s.m.m.a.RequestMappingHandlerMapping : Mapped "{[/admin/welcome],methods=[GET]}" onto public java.lang.String com.ali.nainai.controller.admin.AdminIndexController.welcome()
2017-11-15 21:49:37.091  INFO 79444 --- [main] s.w.s.m.m.a.RequestMappingHandlerMapping : Mapped "{[/admin/tag/index],methods=[GET]}" onto public java.lang.String com.ali.nainai.controller.admin.AdminTagController.index()
2017-11-15 21:49:37.091  INFO 79444 --- [main] s.w.s.m.m.a.RequestMappingHandlerMapping : Mapped "{[/admin/tag/form],methods=[GET]}" onto public java.lang.String com.ali.nainai.controller.admin.AdminTagController.form(java.lang.Long,org.springframework.ui.ModelMap)
2017-11-15 21:49:37.091  INFO 79444 --- [main] s.w.s.m.m.a.RequestMappingHandlerMapping : Mapped "{[/admin/tag/{id}/del],methods=[POST]}" onto public com.ali.nainai.common.JsonResult com.ali.nainai.controller.admin.AdminTagController.delete(java.lang.Long)
2017-11-15 21:49:37.091  INFO 79444 --- [main] s.w.s.m.m.a.RequestMappingHandlerMapping : Mapped "{[/admin/tag/list],methods=[POST]}" onto public org.springframework.data.domain.Page<com.ali.nainai.entity.Tag> com.ali.nainai.controller.admin.AdminTagController.list()
2017-11-15 21:49:37.091  INFO 79444 --- [main] s.w.s.m.m.a.RequestMappingHandlerMapping : Mapped "{[/admin/tag/save],methods=[POST]}" onto public com.ali.nainai.common.JsonResult com.ali.nainai.controller.admin.AdminTagController.save(com.ali.nainai.entity.Tag)
2017-11-15 21:49:37.091  INFO 79444 --- [main] s.w.s.m.m.a.RequestMappingHandlerMapping : Mapped "{[/admin/tag/tags_name],methods=[GET]}" onto public java.util.List<java.lang.String> com.ali.nainai.controller.admin.AdminTagController.tags_name()
2017-11-15 21:49:37.091  INFO 79444 --- [main] s.w.s.m.m.a.RequestMappingHandlerMapping : Mapped "{[/admin/tag/{id}/changeStatus],methods=[POST]}" onto public com.ali.nainai.common.JsonResult com.ali.nainai.controller.admin.AdminTagController.changeStatus(java.lang.Long)
2017-11-15 21:49:37.091  INFO 79444 --- [main] s.w.s.m.m.a.RequestMappingHandlerMapping : Mapped "{[/admin/user/index],methods=[GET]}" onto public java.lang.String com.ali.nainai.controller.admin.AdminUserController.index()
2017-11-15 21:49:37.091  INFO 79444 --- [main] s.w.s.m.m.a.RequestMappingHandlerMapping : Mapped "{[/admin/user/form],methods=[GET]}" onto public java.lang.String com.ali.nainai.controller.admin.AdminUserController.form(java.lang.Long,org.springframework.ui.ModelMap)
2017-11-15 21:49:37.091  INFO 79444 --- [main] s.w.s.m.m.a.RequestMappingHandlerMapping : Mapped "{[/admin/user/{id}/del],methods=[POST]}" onto public com.ali.nainai.common.JsonResult com.ali.nainai.controller.admin.AdminUserController.delete(java.lang.Long)
2017-11-15 21:49:37.091  INFO 79444 --- [main] s.w.s.m.m.a.RequestMappingHandlerMapping : Mapped "{[/admin/user/list],methods=[POST]}" onto public org.springframework.data.domain.Page<com.ali.nainai.entity.User> com.ali.nainai.controller.admin.AdminUserController.list()
2017-11-15 21:49:37.107  INFO 79444 --- [main] s.w.s.m.m.a.RequestMappingHandlerMapping : Mapped "{[/admin/user/save],methods=[POST]}" onto public com.ali.nainai.common.JsonResult com.ali.nainai.controller.admin.AdminUserController.save(com.ali.nainai.entity.User)
2017-11-15 21:49:37.107  INFO 79444 --- [main] s.w.s.m.m.a.RequestMappingHandlerMapping : Mapped "{[/admin/youlian/index],methods=[GET]}" onto public java.lang.String com.ali.nainai.controller.admin.AdminYoulianController.index()
2017-11-15 21:49:37.107  INFO 79444 --- [main] s.w.s.m.m.a.RequestMappingHandlerMapping : Mapped "{[/admin/youlian/form],methods=[GET]}" onto public java.lang.String com.ali.nainai.controller.admin.AdminYoulianController.form(java.lang.Long,org.springframework.ui.ModelMap)
2017-11-15 21:49:37.107  INFO 79444 --- [main] s.w.s.m.m.a.RequestMappingHandlerMapping : Mapped "{[/admin/youlian/{id}/del],methods=[POST]}" onto public com.ali.nainai.common.JsonResult com.ali.nainai.controller.admin.AdminYoulianController.delete(java.lang.Long)
2017-11-15 21:49:37.107  INFO 79444 --- [main] s.w.s.m.m.a.RequestMappingHandlerMapping : Mapped "{[/admin/youlian/list],methods=[POST]}" onto public org.springframework.data.domain.Page<com.ali.nainai.entity.Youlian> com.ali.nainai.controller.admin.AdminYoulianController.list()
2017-11-15 21:49:37.107  INFO 79444 --- [main] s.w.s.m.m.a.RequestMappingHandlerMapping : Mapped "{[/admin/youlian/save],methods=[POST]}" onto public com.ali.nainai.common.JsonResult com.ali.nainai.controller.admin.AdminYoulianController.save(com.ali.nainai.entity.Youlian)
2017-11-15 21:49:37.107  INFO 79444 --- [main] s.w.s.m.m.a.RequestMappingHandlerMapping : Mapped "{[/admin/youlian/{id}/changeStatus],methods=[POST]}" onto public com.ali.nainai.common.JsonResult com.ali.nainai.controller.admin.AdminYoulianController.changeStatus(java.lang.Long)
2017-11-15 21:49:37.107  INFO 79444 --- [main] s.w.s.m.m.a.RequestMappingHandlerMapping : Mapped "{[/logout],methods=[GET]}" onto public java.lang.String com.ali.nainai.controller.admin.LoginController.logout(javax.servlet.http.HttpServletRequest,javax.servlet.http.HttpServletResponse)
2017-11-15 21:49:37.107  INFO 79444 --- [main] s.w.s.m.m.a.RequestMappingHandlerMapping : Mapped "{[/login],methods=[POST]}" onto public com.ali.nainai.common.JsonResult com.ali.nainai.controller.admin.LoginController.login(javax.servlet.http.HttpServletRequest,javax.servlet.http.HttpServletResponse,java.lang.String,java.lang.String,java.lang.Boolean)
2017-11-15 21:49:37.107  INFO 79444 --- [main] s.w.s.m.m.a.RequestMappingHandlerMapping : Mapped "{[/login],methods=[GET]}" onto public java.lang.String com.ali.nainai.controller.admin.LoginController.login()
2017-11-15 21:49:37.107  INFO 79444 --- [main] s.w.s.m.m.a.RequestMappingHandlerMapping : Mapped "{[/updatePwd],methods=[POST]}" onto public com.ali.nainai.common.JsonResult com.ali.nainai.controller.admin.LoginController.updatePwd(javax.servlet.http.HttpServletRequest,javax.servlet.http.HttpServletResponse,java.lang.String,java.lang.String,java.lang.String)
2017-11-15 21:49:37.122  INFO 79444 --- [main] s.w.s.m.m.a.RequestMappingHandlerMapping : Mapped "{[/update_form],methods=[GET]}" onto public java.lang.String com.ali.nainai.controller.admin.LoginController.updatePWD()
2017-11-15 21:49:37.122  INFO 79444 --- [main] s.w.s.m.m.a.RequestMappingHandlerMapping : Mapped "{[/b/{categoryId}]}" onto public java.lang.String com.ali.nainai.controller.front.BlogController.index(java.lang.Long,java.lang.Integer,org.springframework.ui.ModelMap)
2017-11-15 21:49:37.122  INFO 79444 --- [main] s.w.s.m.m.a.RequestMappingHandlerMapping : Mapped "{[/b/view/{id}]}" onto public java.lang.String com.ali.nainai.controller.front.BlogController.view(java.lang.Long,org.springframework.ui.ModelMap)
2017-11-15 21:49:37.122  INFO 79444 --- [main] s.w.s.m.m.a.RequestMappingHandlerMapping : Mapped "{[/]}" onto public java.lang.String com.ali.nainai.controller.front.IndexController.index()
2017-11-15 21:49:37.122  INFO 79444 --- [main] s.w.s.m.m.a.RequestMappingHandlerMapping : Mapped "{[/about]}" onto public java.lang.String com.ali.nainai.controller.front.IndexController.about()
2017-11-15 21:49:37.122  INFO 79444 --- [main] s.w.s.m.m.a.RequestMappingHandlerMapping : Mapped "{[/s]}" onto public java.lang.String com.ali.nainai.controller.front.SearchController.index(java.lang.String,java.lang.Integer,org.springframework.ui.ModelMap)
2017-11-15 21:49:37.122  INFO 79444 --- [main] s.w.s.m.m.a.RequestMappingHandlerMapping : Mapped "{[/t/{tagName}]}" onto public java.lang.String com.ali.nainai.controller.front.TagController.index(java.lang.String,java.lang.Integer,org.springframework.ui.ModelMap)
2017-11-15 21:49:37.122  INFO 79444 --- [main] s.w.s.m.m.a.RequestMappingHandlerMapping : Mapped "{[/upload/image]}" onto public com.ali.nainai.common.JsonResult com.ali.nainai.controller.UploadController.upload(org.springframework.web.multipart.MultipartFile) throws java.io.IOException
2017-11-15 21:49:37.122  INFO 79444 --- [main] s.w.s.m.m.a.RequestMappingHandlerMapping : Mapped "{[/error]}" onto public org.springframework.http.ResponseEntity<java.util.Map<java.lang.String, java.lang.Object>> org.springframework.boot.autoconfigure.web.BasicErrorController.error(javax.servlet.http.HttpServletRequest)
2017-11-15 21:49:37.122  INFO 79444 --- [main] s.w.s.m.m.a.RequestMappingHandlerMapping : Mapped "{[/error],produces=[text/html]}" onto public org.springframework.web.servlet.ModelAndView org.springframework.boot.autoconfigure.web.BasicErrorController.errorHtml(javax.servlet.http.HttpServletRequest,javax.servlet.http.HttpServletResponse)
2017-11-15 21:49:37.185  INFO 79444 --- [main] o.s.w.s.handler.SimpleUrlHandlerMapping  : Mapped URL path [/webjars/**] onto handler of type [class org.springframework.web.servlet.resource.ResourceHttpRequestHandler]
2017-11-15 21:49:37.185  INFO 79444 --- [main] o.s.w.s.handler.SimpleUrlHandlerMapping  : Mapped URL path [/**] onto handler of type [class org.springframework.web.servlet.resource.ResourceHttpRequestHandler]
2017-11-15 21:49:37.247  INFO 79444 --- [main] o.s.w.s.handler.SimpleUrlHandlerMapping  : Mapped URL path [/**/favicon.ico] onto handler of type [class org.springframework.web.servlet.resource.ResourceHttpRequestHandler]
2017-11-15 21:49:37.716  INFO 79444 --- [main] net.sppan.SPPanBlogApplicationTests      : Started SPPanBlogApplicationTests in 17.227 seconds (JVM running for 18.399)
2017-11-15 21:49:37.997  INFO 79444 --- [Thread-8] o.s.w.c.s.GenericWebApplicationContext   : Closing org.springframework.web.context.support.GenericWebApplicationContext@4c2bb6e0: startup date [Wed Nov 15 21:49:21 CST 2017]; root of context hierarchy
2017-11-15 21:49:37.997  INFO 79444 --- [Thread-8] o.s.c.ehcache.EhCacheManagerFactoryBean  : Shutting down EhCache CacheManager
2017-11-15 21:49:38.044  INFO 79444 --- [Thread-8] j.LocalContainerEntityManagerFactoryBean : Closing JPA EntityManagerFactory for persistence unit 'default'
